{"numFailedTestSuites":1,"numFailedTests":0,"numPassedTestSuites":1,"numPassedTests":1,"numPendingTestSuites":0,"numPendingTests":0,"numRuntimeErrorTestSuites":1,"numTodoTests":0,"numTotalTestSuites":2,"numTotalTests":1,"openHandles":[],"snapshot":{"added":0,"didUpdate":false,"failure":false,"filesAdded":0,"filesRemoved":0,"filesRemovedList":[],"filesUnmatched":0,"filesUpdated":0,"matched":0,"total":0,"unchecked":0,"uncheckedKeysByFile":[],"unmatched":0,"updated":0},"startTime":1783753511646,"success":false,"testResults":[{"assertionResults":[],"coverage":{},"endTime":1783753541609,"message":"  \u001b[1m● \u001b[22mTest suite failed to run\n\n    Cannot find module '@testing-library/jest-dom/extend-expect' from 'src/test_cases/ContactUs.test.js'\n\n    \u001b[0m \u001b[90m 1 |\u001b[39m \u001b[36mimport\u001b[39m { render\u001b[33m,\u001b[39m screen } \u001b[36mfrom\u001b[39m \u001b[32m\"@testing-library/react\"\u001b[39m\u001b[33m;\u001b[39m\n     \u001b[90m 2 |\u001b[39m \u001b[36mimport\u001b[39m \u001b[33mContactUs\u001b[39m \u001b[36mfrom\u001b[39m \u001b[32m\"../components/ContactUs/ContactUs\"\u001b[39m\u001b[33m;\u001b[39m\n    \u001b[31m\u001b[1m>\u001b[22m\u001b[39m\u001b[90m 3 |\u001b[39m \u001b[36mimport\u001b[39m \u001b[32m\"@testing-library/jest-dom/extend-expect\"\u001b[39m\u001b[33m;\u001b[39m\n     \u001b[90m   |\u001b[39m \u001b[31m\u001b[1m^\u001b[22m\u001b[39m\n     \u001b[90m 4 |\u001b[39m\n     \u001b[90m 5 |\u001b[39m\n     \u001b[90m 6 |\u001b[39m test(\u001b[32m\"should load ContactUs Component\"\u001b[39m\u001b[33m,\u001b[39m () \u001b[33m=>\u001b[39m {\u001b[0m\n\n      \u001b[2mat Resolver._throwModNotFoundError (\u001b[22mnode_modules/jest-resolve/build/resolver.js\u001b[2m:427:11)\u001b[22m\n      \u001b[2mat Object.require (\u001b[22m\u001b[0m\u001b[36msrc/test_cases/ContactUs.test.js\u001b[39m\u001b[0m\u001b[2m:3:1)\u001b[22m\n","name":"G:\\Learnings\\Flavor Story\\Flavor Story- ReactJs\\src\\test_cases\\ContactUs.test.js","startTime":1783753541609,"status":"failed","summary":""},{"assertionResults":[{"ancestorTitles":["constants smoke test"],"duration":12,"failureDetails":[],"failureMessages":[],"fullName":"constants smoke test exports the expected image base URL","invocations":1,"location":null,"numPassingAsserts":1,"retryReasons":[],"status":"passed","title":"exports the expected image base URL"}],"endTime":1783753540054,"message":"","name":"G:\\Learnings\\Flavor Story\\Flavor Story- ReactJs\\src\\test_cases\\constants.test.js","startTime":1783753539074,"status":"passed","summary":""}],"wasInterrupted":false,"coverageMap":{"G:\\Learnings\\Flavor Story\\Flavor Story- ReactJs\\src\\utils\\constants.js":{"path":"G:\\Learnings\\Flavor Story\\Flavor Story- ReactJs\\src\\utils\\constants.js","statementMap":{"0":{"start":{"line":2,"column":2},"end":{"line":2,"column":85}},"1":{"start":{"line":4,"column":24},"end":{"line":4,"column":71}},"2":{"start":{"line":7,"column":28},"end":{"line":10,"column":48}}},"fnMap":{},"branchMap":{"0":{"loc":{"start":{"line":7,"column":28},"end":{"line":10,"column":48}},"type":"binary-expr","locations":[{"start":{"line":7,"column":28},"end":{"line":7,"column":52}},{"start":{"line":8,"column":3},"end":{"line":10,"column":47}}],"line":7},"1":{"loc":{"start":{"line":8,"column":3},"end":{"line":10,"column":47}},"type":"cond-expr","locations":[{"start":{"line":9,"column":6},"end":{"line":9,"column":29}},{"start":{"line":10,"column":6},"end":{"line":10,"column":47}}],"line":8}},"s":{"0":1,"1":1,"2":1},"f":{},"b":{"0":[1,1],"1":[1,0]},"_coverageSchema":"1a1c01bbd47fc00a2c39e90264f33305004495a9","hash":"de275b350c525f95ee230f0785ddcb48b61c8fc9"}}}
